2019-12-16 12:36:27,476  - INFO - ----  test001_登录失败_div.container>ul>li:nth-child(2)_css_click_         ----
2019-12-16 12:36:28,115  - INFO - ----  test001_登录失败_input-lg_class_name_send_keys_lose1        ----
2019-12-16 12:36:28,789  - INFO - ----  test001_登录失败_user_password_id_send_keys_1231231232        ----
2019-12-16 12:36:29,398  - INFO - ----  test001_登录失败_div.form-actions_css_click_         ----
2019-12-16 12:36:30,014  - INFO - ----  test001_登录失败_div.alert-warning_css_ _         ----
2019-12-16 12:36:30,014  - INFO - [CheckPoint_1]: testALoginFail_ : OK
2019-12-16 12:36:30,355  - INFO - ----  test001_登录成功_div.container>ul>li:nth-child(2)_css_click_         ----
2019-12-16 12:36:30,467  - INFO - ----  test001_登录成功_input-lg_class_name_send_keys_469858846@qq.com        ----
2019-12-16 12:36:31,161  - INFO - ----  test001_登录成功_user_password_id_send_keys_ZWwodeai1314        ----
2019-12-16 12:36:31,780  - INFO - ----  test001_登录成功_div.form-actions_css_click_         ----
2019-12-16 12:36:32,441  - INFO - ----  test001_登录成功_dropdown-avatar_class_name_click_         ----
2019-12-16 12:36:32,519  - INFO - ----  test001_登录成功_//ul[@class='dropdown-menu']/li/a[contains(text(),'test469858846')]_xpath_ _         ----
2019-12-16 12:36:32,520  - INFO - [CheckPoint_2]: testBLogin_ : OK
2019-12-16 12:36:37,930  - INFO - ----  test001_登录成功_div.container>ul>li:nth-child(2)_css_click_         ----
2019-12-16 12:36:38,543  - INFO - ----  test001_登录成功_input-lg_class_name_send_keys_469858846@qq.com        ----
2019-12-16 12:36:39,330  - INFO - ----  test001_登录成功_user_password_id_send_keys_ZWwodeai1314        ----
2019-12-16 12:36:39,958  - INFO - ----  test001_登录成功_div.form-actions_css_click_         ----
2019-12-16 12:36:40,643  - INFO - ----  test001_登录成功_dropdown-avatar_class_name_click_         ----
2019-12-16 12:36:41,499  - INFO - ----  test003_热门话题_dropdown-avatar_class_name_click_         ----
2019-12-16 12:36:41,578  - INFO - ----  test003_热门话题_//ul[@class='dropdown-menu']/li/a_xpath_click_         ----
2019-12-16 12:36:42,229  - INFO - ----  test003_热门话题_//ul[@class="list-group"]/li[1]/div/a[2]_xpath_get_text_         ----
2019-12-16 12:36:42,270  - INFO - ----  test003_热门话题_ul.list-group > li:nth-child(1) > div.title > a:nth-child(2)_css_click_         ----
2019-12-16 12:36:42,362  - INFO - ----  test003_热门话题_/html/head/title_xpath_get_text_         ----
2019-12-16 12:36:42,378  - INFO - [CheckPoint_3]: testHotTopic_ : OK
